<?xml version="1.0" encoding="UTF-8"?>
<!-- Generated by org.testng.reporters.JUnitXMLReporter -->
<testsuite ignored="1" hostname="DESKTOP-JQHDF31" failures="0" tests="6" name="Default test" time="88.615" errors="0" timestamp="2022-11-17T11:28:18 IST">
  <testcase classname="com.testNGZ.ZohoTest" name="browserLaunch" time="49.821"/>
  <testcase classname="com.testNGZ.ZohoTest" name="getUrl" time="29.06"/>
  <testcase classname="com.testNGZ.ZohoTest" name="signupButton" time="8.547"/>
  <testcase classname="com.testNGZ.ZohoTest" name="loginDetails" time="0.739"/>
  <testcase classname="com.testNGZ.ZohoTest" name="clickIagree" time="0.138"/>
  <testcase classname="com.testNGZ.ZohoTest" name="signIn" time="0.167"/>
  <testcase classname="com.testNGZ.ZohoTest" name="takeScreenshot" time="0.0">
    <ignored/>
  </testcase> <!-- takeScreenshot -->
</testsuite> <!-- Default test -->
