<?xml version="1.0" encoding="UTF-8"?>
<testng-results ignored="1" total="7" passed="6" failed="0" skipped="0">
  <reporter-output>
  </reporter-output>
  <suite started-at="2022-11-17T11:26:49 IST" name="Default suite" finished-at="2022-11-17T11:28:17 IST" duration-ms="88615">
    <groups>
    </groups>
    <test started-at="2022-11-17T11:26:49 IST" name="Default test" finished-at="2022-11-17T11:28:17 IST" duration-ms="88615">
      <class name="com.testNGZ.ZohoTest">
        <test-method signature="browserLaunch()[pri:-1, instance:com.testNGZ.ZohoTest@342c38f8]" started-at="2022-11-17T11:26:49 IST" name="browserLaunch" finished-at="2022-11-17T11:27:39 IST" duration-ms="49821" status="PASS">
          <reporter-output>
          </reporter-output>
        </test-method> <!-- browserLaunch -->
        <test-method signature="getUrl()[pri:0, instance:com.testNGZ.ZohoTest@342c38f8]" started-at="2022-11-17T11:27:39 IST" name="getUrl" finished-at="2022-11-17T11:28:08 IST" duration-ms="29060" status="PASS">
          <reporter-output>
          </reporter-output>
        </test-method> <!-- getUrl -->
        <test-method signature="signupButton()[pri:1, instance:com.testNGZ.ZohoTest@342c38f8]" started-at="2022-11-17T11:28:08 IST" name="signupButton" finished-at="2022-11-17T11:28:16 IST" duration-ms="8547" status="PASS">
          <reporter-output>
          </reporter-output>
        </test-method> <!-- signupButton -->
        <test-method signature="loginDetails()[pri:2, instance:com.testNGZ.ZohoTest@342c38f8]" started-at="2022-11-17T11:28:16 IST" name="loginDetails" finished-at="2022-11-17T11:28:17 IST" duration-ms="739" status="PASS">
          <reporter-output>
          </reporter-output>
        </test-method> <!-- loginDetails -->
        <test-method signature="clickIagree()[pri:3, instance:com.testNGZ.ZohoTest@342c38f8]" started-at="2022-11-17T11:28:17 IST" name="clickIagree" finished-at="2022-11-17T11:28:17 IST" duration-ms="138" status="PASS">
          <reporter-output>
          </reporter-output>
        </test-method> <!-- clickIagree -->
        <test-method signature="signIn()[pri:4, instance:com.testNGZ.ZohoTest@342c38f8]" started-at="2022-11-17T11:28:17 IST" name="signIn" finished-at="2022-11-17T11:28:17 IST" duration-ms="167" status="PASS">
          <reporter-output>
          </reporter-output>
        </test-method> <!-- signIn -->
      </class> <!-- com.testNGZ.ZohoTest -->
    </test> <!-- Default test -->
  </suite> <!-- Default suite -->
</testng-results>
